This is pdfTeX, Version 3.14159265-2.6-1.40.19 (TeX Live 2018/W32TeX) (preloaded format=pdflatex 2019.3.24)  7 SEP 2021 20:51
entering extended mode
 restricted \write18 enabled.
 file:line:error style messages enabled.
 %&-line parsing enabled.
**c:/Users/kjh10/Desktop/Note/수치해석withJulia/NumAnalwithJulia.tex
(c:/Users/kjh10/Desktop/Note/수치해석withJulia/NumAnalwithJulia.tex
LaTeX2e <2018-12-01>
(c:/usr/texlive/2018/texmf-dist/tex/latex/base/report.cls
Document Class: report 2018/09/03 v1.4i Standard LaTeX document class
(c:/usr/texlive/2018/texmf-dist/tex/latex/base/size11.clo
File: size11.clo 2018/09/03 v1.4i Standard LaTeX file (size option)
)
\c@part=\count80
\c@chapter=\count81
\c@section=\count82
\c@subsection=\count83
\c@subsubsection=\count84
\c@paragraph=\count85
\c@subparagraph=\count86
\c@figure=\count87
\c@table=\count88
\abovecaptionskip=\skip41
\belowcaptionskip=\skip42
\bibindent=\dimen102
) (c:/usr/texlive/2018/texmf-dist/tex/latex/amsmath/amsmath.sty
Package: amsmath 2018/12/01 v2.17b AMS math features
\@mathmargin=\skip43

For additional information on amsmath, use the `?' option.
(c:/usr/texlive/2018/texmf-dist/tex/latex/amsmath/amstext.sty
Package: amstext 2000/06/29 v2.01 AMS text
 (c:/usr/texlive/2018/texmf-dist/tex/latex/amsmath/amsgen.sty
File: amsgen.sty 1999/11/30 v2.0 generic functions
\@emptytoks=\toks14
\ex@=\dimen103
)) (c:/usr/texlive/2018/texmf-dist/tex/latex/amsmath/amsbsy.sty
Package: amsbsy 1999/11/29 v1.2d Bold Symbols
\pmbraise@=\dimen104
) (c:/usr/texlive/2018/texmf-dist/tex/latex/amsmath/amsopn.sty
Package: amsopn 2016/03/08 v2.02 operator names
)
\inf@bad=\count89
LaTeX Info: Redefining \frac on input line 223.
\uproot@=\count90
\leftroot@=\count91
LaTeX Info: Redefining \overline on input line 385.
\classnum@=\count92
\DOTSCASE@=\count93
LaTeX Info: Redefining \ldots on input line 482.
LaTeX Info: Redefining \dots on input line 485.
LaTeX Info: Redefining \cdots on input line 606.
\Mathstrutbox@=\box27
\strutbox@=\box28
\big@size=\dimen105
LaTeX Font Info:    Redeclaring font encoding OML on input line 729.
LaTeX Font Info:    Redeclaring font encoding OMS on input line 730.
\macc@depth=\count94
\c@MaxMatrixCols=\count95
\dotsspace@=\muskip10
\c@parentequation=\count96
\dspbrk@lvl=\count97
\tag@help=\toks15
\row@=\count98
\column@=\count99
\maxfields@=\count100
\andhelp@=\toks16
\eqnshift@=\dimen106
\alignsep@=\dimen107
\tagshift@=\dimen108
\tagwidth@=\dimen109
\totwidth@=\dimen110
\lineht@=\dimen111
\@envbody=\toks17
\multlinegap=\skip44
\multlinetaggap=\skip45
\mathdisplay@stack=\toks18
LaTeX Info: Redefining \[ on input line 2844.
LaTeX Info: Redefining \] on input line 2845.
) (c:/usr/texlive/2018/texmf-dist/tex/latex/amsfonts/amssymb.sty
Package: amssymb 2013/01/14 v3.01 AMS font symbols
 (c:/usr/texlive/2018/texmf-dist/tex/latex/amsfonts/amsfonts.sty
Package: amsfonts 2013/01/14 v3.01 Basic AMSFonts support
\symAMSa=\mathgroup4
\symAMSb=\mathgroup5
LaTeX Font Info:    Overwriting math alphabet `\mathfrak' in version `bold'
(Font)                  U/euf/m/n --> U/euf/b/n on input line 106.
)) (c:/usr/texlive/2018/texmf-dist/tex/latex/amscls/amsthm.sty
Package: amsthm 2017/10/31 v2.20.4
\thm@style=\toks19
\thm@bodyfont=\toks20
\thm@headfont=\toks21
\thm@notefont=\toks22
\thm@headpunct=\toks23
\thm@preskip=\skip46
\thm@postskip=\skip47
\thm@headsep=\skip48
\dth@everypar=\toks24
) (c:/usr/texlive/2018/texmf-dist/tex/latex/algorithms/algorithm.sty
Package: algorithm 2009/08/24 v0.1 Document Style `algorithm' - floating environment
 (c:/usr/texlive/2018/texmf-dist/tex/latex/float/float.sty
Package: float 2001/11/08 v1.3d Float enhancements (AL)
\c@float@type=\count101
\float@exts=\toks25
\float@box=\box29
\@float@everytoks=\toks26
\@floatcapt=\box30
) (c:/usr/texlive/2018/texmf-dist/tex/latex/base/ifthen.sty
Package: ifthen 2014/09/29 v1.1c Standard LaTeX ifthen package (DPC)
)
\@float@every@algorithm=\toks27
\c@algorithm=\count102
) (c:/usr/texlive/2018/texmf-dist/tex/latex/algorithmicx/algpseudocode.sty
Package: algpseudocode 
 (c:/usr/texlive/2018/texmf-dist/tex/latex/algorithmicx/algorithmicx.sty
Package: algorithmicx 2005/04/27 v1.2 Algorithmicx

Document Style algorithmicx 1.2 - a greatly improved `algorithmic' style
\c@ALG@line=\count103
\c@ALG@rem=\count104
\c@ALG@nested=\count105
\ALG@tlm=\skip49
\ALG@thistlm=\skip50
\c@ALG@Lnr=\count106
\c@ALG@blocknr=\count107
\c@ALG@storecount=\count108
\c@ALG@tmpcounter=\count109
\ALG@tmplength=\skip51
)
Document Style - pseudocode environments for use with the `algorithmicx' style
) (c:/usr/texlive/2018/texmf-dist/tex/latex/cjk-ko/kotex.sty
Package: kotex 2015/04/19 v1.6 Korean TeX (ko.TeX)
 (c:/usr/texlive/2018/texmf-dist/tex/latex/kotex-utf/kotex.cfg) (c:/usr/texlive/2018/texmf-dist/tex/latex/kotex-utf/kotexutf.sty
Package: kotexutf 2015/07/18 v2.1.1 typesetting UTF-8 Korean documents
 (c:/usr/texlive/2018/texmf-dist/tex/latex/base/inputenc.sty
Package: inputenc 2018/08/11 v1.3c Input encoding file
\inpenc@prehook=\toks28
\inpenc@posthook=\toks29
) (c:/usr/texlive/2018/texmf-dist/tex/plain/kotex-plain/kotexutf-core.tex
\unih@ngulpoint=\count110
\dhucs@emph@raise=\dimen112
)
Now handling font encoding LUC ...
... processing UTF-8 mapping file for font encoding LUC
 (c:/usr/texlive/2018/texmf-dist/tex/latex/kotex-utf/lucenc.dfu
File: lucenc.dfu 2007/09/05 UTF-8 support for dhucs
   defining Unicode char U+00B7 (decimal 183)
   defining Unicode char U+2018 (decimal 8216)
   defining Unicode char U+2019 (decimal 8217)
   defining Unicode char U+201C (decimal 8220)
   defining Unicode char U+201D (decimal 8221)
   defining Unicode char U+3001 (decimal 12289)
   defining Unicode char U+3002 (decimal 12290)
   defining Unicode char U+3008 (decimal 12296)
   defining Unicode char U+3009 (decimal 12297)
   defining Unicode char U+300A (decimal 12298)
   defining Unicode char U+300B (decimal 12299)
   defining Unicode char U+300C (decimal 12300)
   defining Unicode char U+300D (decimal 12301)
   defining Unicode char U+300E (decimal 12302)
   defining Unicode char U+300F (decimal 12303)
   defining Unicode char U+3010 (decimal 12304)
   defining Unicode char U+3011 (decimal 12305)
   defining Unicode char U+3014 (decimal 12308)
   defining Unicode char U+3015 (decimal 12309)
   defining Unicode char U+3016 (decimal 12310)
   defining Unicode char U+3017 (decimal 12311)
   defining Unicode char U+3018 (decimal 12312)
   defining Unicode char U+3019 (decimal 12313)
   defining Unicode char U+301A (decimal 12314)
   defining Unicode char U+301B (decimal 12315)
   defining Unicode char U+FF01 (decimal 65281)
   defining Unicode char U+FF08 (decimal 65288)
   defining Unicode char U+FF09 (decimal 65289)
   defining Unicode char U+FF0C (decimal 65292)
   defining Unicode char U+FF0E (decimal 65294)
   defining Unicode char U+FF1A (decimal 65306)
   defining Unicode char U+FF1B (decimal 65307)
   defining Unicode char U+FF1C (decimal 65308)
   defining Unicode char U+FF1D (decimal 65309)
   defining Unicode char U+FF1E (decimal 65310)
   defining Unicode char U+FF1F (decimal 65311)
   defining Unicode char U+FF3B (decimal 65339)
   defining Unicode char U+FF3D (decimal 65341)
   defining Unicode char U+FF5B (decimal 65371)
   defining Unicode char U+FF5D (decimal 65373)
   defining Unicode char U+FF61 (decimal 65377)
   defining Unicode char U+FF62 (decimal 65378)
   defining Unicode char U+FF63 (decimal 65379)
   defining Unicode char U+FF64 (decimal 65380)
   defining Unicode char U+FF65 (decimal 65381)
)
\@josa=\count111
\josatoks=\toks30
 (c:/usr/texlive/2018/texmf-dist/tex/latex/cjk-ko/kolabels-utf.sty
Package: kolabels-utf 2015/03/20 v1.5 UTF-8 Hangul item labels
))) (c:/usr/texlive/2018/texmf-dist/tex/latex/geometry/geometry.sty
Package: geometry 2018/04/16 v5.8 Page Geometry
 (c:/usr/texlive/2018/texmf-dist/tex/latex/graphics/keyval.sty
Package: keyval 2014/10/28 v1.15 key=value parser (DPC)
\KV@toks@=\toks31
) (c:/usr/texlive/2018/texmf-dist/tex/generic/oberdiek/ifpdf.sty
Package: ifpdf 2018/09/07 v3.3 Provides the ifpdf switch
) (c:/usr/texlive/2018/texmf-dist/tex/generic/oberdiek/ifvtex.sty
Package: ifvtex 2016/05/16 v1.6 Detect VTeX and its facilities (HO)
Package ifvtex Info: VTeX not detected.
) (c:/usr/texlive/2018/texmf-dist/tex/generic/ifxetex/ifxetex.sty
Package: ifxetex 2010/09/12 v0.6 Provides ifxetex conditional
)
\Gm@cnth=\count112
\Gm@cntv=\count113
\c@Gm@tempcnt=\count114
\Gm@bindingoffset=\dimen113
\Gm@wd@mp=\dimen114
\Gm@odd@mp=\dimen115
\Gm@even@mp=\dimen116
\Gm@layoutwidth=\dimen117
\Gm@layoutheight=\dimen118
\Gm@layouthoffset=\dimen119
\Gm@layoutvoffset=\dimen120
\Gm@dimlist=\toks32
) (c:/usr/texlive/2018/texmf-dist/tex/latex/xcolor/xcolor.sty
Package: xcolor 2016/05/11 v2.12 LaTeX color extensions (UK)
 (c:/usr/texlive/2018/texmf-dist/tex/latex/graphics-cfg/color.cfg
File: color.cfg 2016/01/02 v1.6 sample color configuration
)
Package xcolor Info: Driver file: pdftex.def on input line 225.
 (c:/usr/texlive/2018/texmf-dist/tex/latex/graphics-def/pdftex.def
File: pdftex.def 2018/01/08 v1.0l Graphics/color driver for pdftex
)
Package xcolor Info: Model `cmy' substituted by `cmy0' on input line 1348.
Package xcolor Info: Model `hsb' substituted by `rgb' on input line 1352.
Package xcolor Info: Model `RGB' extended on input line 1364.
Package xcolor Info: Model `HTML' substituted by `rgb' on input line 1366.
Package xcolor Info: Model `Hsb' substituted by `hsb' on input line 1367.
Package xcolor Info: Model `tHsb' substituted by `hsb' on input line 1368.
Package xcolor Info: Model `HSB' substituted by `hsb' on input line 1369.
Package xcolor Info: Model `Gray' substituted by `gray' on input line 1370.
Package xcolor Info: Model `wave' substituted by `hsb' on input line 1371.
 (c:/usr/texlive/2018/texmf-dist/tex/latex/graphics/dvipsnam.def
File: dvipsnam.def 2016/06/17 v3.0m Driver-dependent file (DPC,SPQR)
) (c:/usr/texlive/2018/texmf-dist/tex/latex/xcolor/svgnam.def
File: svgnam.def 2016/05/11 v2.12 Predefined colors according to SVG 1.1 (UK)
)) (c:/usr/texlive/2018/texmf-dist/tex/latex/graphics/graphicx.sty
Package: graphicx 2017/06/01 v1.1a Enhanced LaTeX Graphics (DPC,SPQR)
 (c:/usr/texlive/2018/texmf-dist/tex/latex/graphics/graphics.sty
Package: graphics 2017/06/25 v1.2c Standard LaTeX Graphics (DPC,SPQR)
 (c:/usr/texlive/2018/texmf-dist/tex/latex/graphics/trig.sty
Package: trig 2016/01/03 v1.10 sin cos tan (DPC)
) (c:/usr/texlive/2018/texmf-dist/tex/latex/graphics-cfg/graphics.cfg
File: graphics.cfg 2016/06/04 v1.11 sample graphics configuration
)
Package graphics Info: Driver file: pdftex.def on input line 99.
)
\Gin@req@height=\dimen121
\Gin@req@width=\dimen122
) (c:/usr/texlive/2018/texmf-dist/tex/latex/base/makeidx.sty
Package: makeidx 2014/09/29 v1.0m Standard LaTeX package
) (c:/usr/texlive/2018/texmf-dist/tex/latex/base/latexsym.sty
Package: latexsym 1998/08/17 v2.2e Standard LaTeX package (lasy symbols)
\symlasy=\mathgroup6
LaTeX Font Info:    Overwriting symbol font `lasy' in version `bold'
(Font)                  U/lasy/m/n --> U/lasy/b/n on input line 52.
)
\c@theorem=\count115
 (c:/Users/kjh10/Desktop/Note/수치해석withJulia/NumAnalwithJulia.aux)
\openout1 = `NumAnalwithJulia.aux'.

LaTeX Font Info:    Checking defaults for OML/cmm/m/it on input line 35.
LaTeX Font Info:    ... okay on input line 35.
LaTeX Font Info:    Checking defaults for T1/cmr/m/n on input line 35.
LaTeX Font Info:    ... okay on input line 35.
LaTeX Font Info:    Checking defaults for OT1/cmr/m/n on input line 35.
LaTeX Font Info:    ... okay on input line 35.
LaTeX Font Info:    Checking defaults for OMS/cmsy/m/n on input line 35.
LaTeX Font Info:    ... okay on input line 35.
LaTeX Font Info:    Checking defaults for OMX/cmex/m/n on input line 35.
LaTeX Font Info:    ... okay on input line 35.
LaTeX Font Info:    Checking defaults for U/cmr/m/n on input line 35.
LaTeX Font Info:    ... okay on input line 35.
LaTeX Font Info:    Checking defaults for LUC/nanummj/m/n on input line 35.
LaTeX Font Info:    Try loading font information for LUC+nanummj on input line 35.
 (c:/usr/texlive/2018/texmf-dist/tex/latex/nanumtype1/lucnanummj.fd
File: lucnanummj.fd 2013/02/12 v0.1 Nanum Myeongjo font definitions
)
LaTeX Font Info:    ... okay on input line 35.

*geometry* driver: auto-detecting
*geometry* detected driver: pdftex
*geometry* verbose mode - [ preamble ] result:
* driver: pdftex
* paper: a4paper
* layout: <same size as paper>
* layoutoffset:(h,v)=(0.0pt,0.0pt)
* modes: 
* h-part:(L,W,R)=(89.62709pt, 418.25368pt, 89.6271pt)
* v-part:(T,H,B)=(101.40665pt, 591.5302pt, 152.11pt)
* \paperwidth=597.50787pt
* \paperheight=845.04684pt
* \textwidth=418.25368pt
* \textheight=591.5302pt
* \oddsidemargin=17.3571pt
* \evensidemargin=17.3571pt
* \topmargin=-7.86334pt
* \headheight=12.0pt
* \headsep=25.0pt
* \topskip=11.0pt
* \footskip=30.0pt
* \marginparwidth=50.0pt
* \marginparsep=10.0pt
* \columnsep=10.0pt
* \skip\footins=10.0pt plus 4.0pt minus 2.0pt
* \hoffset=0.0pt
* \voffset=0.0pt
* \mag=1000
* \@twocolumnfalse
* \@twosidefalse
* \@mparswitchfalse
* \@reversemarginfalse
* (1in=72.27pt=25.4mm, 1cm=28.453pt)

(c:/usr/texlive/2018/texmf-dist/tex/context/base/mkii/supp-pdf.mkii
[Loading MPS to PDF converter (version 2006.09.02).]
\scratchcounter=\count116
\scratchdimen=\dimen123
\scratchbox=\box31
\nofMPsegments=\count117
\nofMParguments=\count118
\everyMPshowfont=\toks33
\MPscratchCnt=\count119
\MPscratchDim=\dimen124
\MPnumerator=\count120
\makeMPintoPDFobject=\count121
\everyMPtoPDFconversion=\toks34
) (c:/usr/texlive/2018/texmf-dist/tex/latex/oberdiek/epstopdf-base.sty
Package: epstopdf-base 2016/05/15 v2.6 Base part for package epstopdf
 (c:/usr/texlive/2018/texmf-dist/tex/generic/oberdiek/infwarerr.sty
Package: infwarerr 2016/05/16 v1.4 Providing info/warning/error messages (HO)
) (c:/usr/texlive/2018/texmf-dist/tex/latex/oberdiek/grfext.sty
Package: grfext 2016/05/16 v1.2 Manage graphics extensions (HO)
 (c:/usr/texlive/2018/texmf-dist/tex/generic/oberdiek/kvdefinekeys.sty
Package: kvdefinekeys 2016/05/16 v1.4 Define keys (HO)
 (c:/usr/texlive/2018/texmf-dist/tex/generic/oberdiek/ltxcmds.sty
Package: ltxcmds 2016/05/16 v1.23 LaTeX kernel commands for general use (HO)
))) (c:/usr/texlive/2018/texmf-dist/tex/latex/oberdiek/kvoptions.sty
Package: kvoptions 2016/05/16 v3.12 Key value format for package options (HO)
 (c:/usr/texlive/2018/texmf-dist/tex/generic/oberdiek/kvsetkeys.sty
Package: kvsetkeys 2016/05/16 v1.17 Key value parser (HO)
 (c:/usr/texlive/2018/texmf-dist/tex/generic/oberdiek/etexcmds.sty
Package: etexcmds 2016/05/16 v1.6 Avoid name clashes with e-TeX commands (HO)
 (c:/usr/texlive/2018/texmf-dist/tex/generic/oberdiek/ifluatex.sty
Package: ifluatex 2016/05/16 v1.4 Provides the ifluatex switch (HO)
Package ifluatex Info: LuaTeX not detected.
)
Package etexcmds Info: Could not find \expanded.
(etexcmds)             That can mean that you are not using pdfTeX 1.50 or
(etexcmds)             that some package has redefined \expanded.
(etexcmds)             In the latter case, load this package earlier.
))) (c:/usr/texlive/2018/texmf-dist/tex/generic/oberdiek/pdftexcmds.sty
Package: pdftexcmds 2018/09/10 v0.29 Utility functions of pdfTeX for LuaTeX (HO)
Package pdftexcmds Info: LuaTeX not detected.
Package pdftexcmds Info: \pdf@primitive is available.
Package pdftexcmds Info: \pdf@ifprimitive is available.
Package pdftexcmds Info: \pdfdraftmode found.
)
Package epstopdf-base Info: Redefining graphics rule for `.eps' on input line 438.
Package grfext Info: Graphics extension search list:
(grfext)             [.pdf,.png,.jpg,.mps,.jpeg,.jbig2,.jb2,.PDF,.PNG,.JPG,.JPEG,.JBIG2,.JB2,.eps]
(grfext)             \AppendGraphicsExtensions on input line 456.
 (c:/usr/texlive/2018/texmf-dist/tex/latex/latexconfig/epstopdf-sys.cfg
File: epstopdf-sys.cfg 2010/07/13 v1.3 Configuration of (r)epstopdf for TeX Live
))
LaTeX Font Info:    Try loading font information for U+msa on input line 37.
 (c:/usr/texlive/2018/texmf-dist/tex/latex/amsfonts/umsa.fd
File: umsa.fd 2013/01/14 v3.01 AMS symbols A
)
LaTeX Font Info:    Try loading font information for U+msb on input line 37.
 (c:/usr/texlive/2018/texmf-dist/tex/latex/amsfonts/umsb.fd
File: umsb.fd 2013/01/14 v3.01 AMS symbols B
)
LaTeX Font Info:    Try loading font information for U+lasy on input line 37.
 (c:/usr/texlive/2018/texmf-dist/tex/latex/base/ulasy.fd
File: ulasy.fd 1998/08/17 v2.2e LaTeX symbol font definitions
) [1

{c:/usr/texlive/2018/texmf-var/fonts/map/pdftex/updmap/pdftex.map}] (c:/Users/kjh10/Desktop/Note/수치해석withJulia/NumAnalwithJulia.toc)
\tf@toc=\write3
\openout3 = `NumAnalwithJulia.toc'.

 [1

]
Chapter 1.
LaTeX Font Info:    Font shape `LUC/nanummj/m/it' in size <10.95> not available
(Font)              Font shape `LUC/nanummj/m/sl' tried instead on input line 61.
[2

]

LaTeX Warning: `h' float specifier changed to `ht'.

[3] [4] [5] [6]
Appendix A.
[7

] [8

] (c:/Users/kjh10/Desktop/Note/수치해석withJulia/NumAnalwithJulia.aux) ) 
Here is how much of TeX's memory you used:
 4873 strings out of 492616
 68160 string characters out of 6130864
 156596 words of memory out of 5000000
 8562 multiletter control sequences out of 15000+600000
 59825 words of font info for 208 fonts, out of 8000000 for 9000
 1141 hyphenation exceptions out of 8191
 41i,8n,42p,396b,278s stack positions out of 5000i,500n,10000p,200000b,80000s
<c:/usr/texlive/2018/texmf-dist/fonts/type1/public/amsfonts/cm/cmbx10.pfb><c:/usr/texlive/2018/texmf-dist/fonts/type1/public/amsfonts/cm/cmbx12.pfb><c:/usr/texlive/2018/texmf-dist/fonts/type1/public/amsfonts/cm/cmex10.pfb><c:/usr/texlive/2018/texmf-dist/fonts/type1/public/amsfonts/cm/cmmi10.pfb><c:/usr/texlive/2018/texmf-dist/fonts/type1/public/amsfonts/cm/cmmi8.pfb><c:/usr/texlive/2018/texmf-dist/fonts/type1/public/amsfonts/cm/cmmi9.pfb><c:/usr/texlive/2018/texmf-dist/fonts/type1/public/amsfonts/cm/cmr10.pfb><c:/usr/texlive/2018/texmf-dist/fonts/type1/public/amsfonts/cm/cmr12.pfb><c:/usr/texlive/2018/texmf-dist/fonts/type1/public/amsfonts/cm/cmr17.pfb><c:/usr/texlive/2018/texmf-dist/fonts/type1/public/amsfonts/cm/cmr6.pfb><c:/usr/texlive/2018/texmf-dist/fonts/type1/public/amsfonts/cm/cmr8.pfb><c:/usr/texlive/2018/texmf-dist/fonts/type1/public/amsfonts/cm/cmr9.pfb><c:/usr/texlive/2018/texmf-dist/fonts/type1/public/amsfonts/cm/cmsy10.pfb><c:/usr/texlive/2018/texmf-dist/fonts/type1/public/amsfonts/cm/cmsy8.pfb><c:/usr/texlive/2018/texmf-dist/fonts/type1/public/amsfonts/cm/cmti10.pfb><c:/usr/texlive/2018/texmf-dist/fonts/type1/public/amsfonts/symbols/msbm10.pfb><c:/usr/texlive/2018/texmf-dist/fonts/type1/public/nanumtype1/nanummjbac.pfb><c:/usr/texlive/2018/texmf-dist/fonts/type1/public/nanumtype1/nanummjbad.pfb><c:/usr/texlive/2018/texmf-dist/fonts/type1/public/nanumtype1/nanummjbae.pfb><c:/usr/texlive/2018/texmf-dist/fonts/type1/public/nanumtype1/nanummjbb1.pfb><c:/usr/texlive/2018/texmf-dist/fonts/type1/public/nanumtype1/nanummjbb3.pfb><c:/usr/texlive/2018/texmf-dist/fonts/type1/public/nanumtype1/nanummjbb4.pfb><c:/usr/texlive/2018/texmf-dist/fonts/type1/public/nanumtype1/nanummjbb7.pfb><c:/usr/texlive/2018/texmf-dist/fonts/type1/public/nanumtype1/nanummjbb8.pfb><c:/usr/texlive/2018/texmf-dist/fonts/type1/public/nanumtype1/nanummjbb9.pfb><c:/usr/texlive/2018/texmf-dist/fonts/type1/public/nanumtype1/nanummjbba.pfb><c:/usr/texlive/2018/texmf-dist/fonts/type1/public/nanumtype1/nanummjbbb.pfb><c:/usr/texlive/2018/texmf-dist/fonts/type1/public/nanumtype1/nanummjbbc.pfb><c:/usr/texlive/2018/texmf-dist/fonts/type1/public/nanumtype1/nanummjbbd.pfb><c:/usr/texlive/2018/texmf-dist/fonts/type1/public/nanumtype1/nanummjbbe.pfb><c:/usr/texlive/2018/texmf-dist/fonts/type1/public/nanumtype1/nanummjbc0.pfb><c:/usr/texlive/2018/texmf-dist/fonts/type1/public/nanumtype1/nanummjbc1.pfb><c:/usr/texlive/2018/texmf-dist/fonts/type1/public/nanumtype1/nanummjbc2.pfb><c:/usr/texlive/2018/texmf-dist/fonts/type1/public/nanumtype1/nanummjbc5.pfb><c:/usr/texlive/2018/texmf-dist/fonts/type1/public/nanumtype1/nanummjbc6.pfb><c:/usr/texlive/2018/texmf-dist/fonts/type1/public/nanumtype1/nanummjbc7.pfb><c:/usr/texlive/2018/texmf-dist/fonts/type1/public/nanumtype1/nanummjbc8.pfb><c:/usr/texlive/2018/texmf-dist/fonts/type1/public/nanumtype1/nanummjbc9.pfb><c:/usr/texlive/2018/texmf-dist/fonts/type1/public/nanumtype1/nanummjbcc.pfb><c:/usr/texlive/2018/texmf-dist/fonts/type1/public/nanumtype1/nanummjbcd.pfb><c:/usr/texlive/2018/texmf-dist/fonts/type1/public/nanumtype1/nanummjbd1.pfb><c:/usr/texlive/2018/texmf-dist/fonts/type1/public/nanumtype1/nanummjbd3.pfb><c:/usr/texlive/2018/texmf-dist/fonts/type1/public/nanumtype1/nanummjbd4.pfb><c:/usr/texlive/2018/texmf-dist/fonts/type1/public/nanumtype1/nanummjbd5.pfb><c:/usr/texlive/2018/texmf-dist/fonts/type1/public/nanumtype1/nanummjbd6.pfb><c:/usr/texlive/2018/texmf-dist/fonts/type1/public/nanumtype1/nanummjmac.pfb><c:/usr/texlive/2018/texmf-dist/fonts/type1/public/nanumtype1/nanummjmac.pfb><c:/usr/texlive/2018/texmf-dist/fonts/type1/public/nanumtype1/nanummjmad.pfb><c:/usr/texlive/2018/texmf-dist/fonts/type1/public/nanumtype1/nanummjmad.pfb><c:/usr/texlive/2018/texmf-dist/fonts/type1/public/nanumtype1/nanummjmae.pfb><c:/usr/texlive/2018/texmf-dist/fonts/type1/public/nanumtype1/nanummjmae.pfb><c:/usr/texlive/2018/texmf-dist/fonts/type1/public/nanumtype1/nanummjmaf.pfb><c:/usr/texlive/2018/texmf-dist/fonts/type1/public/nanumtype1/nanummjmb0.pfb><c:/usr/texlive/2018/texmf-dist/fonts/type1/public/nanumtype1/nanummjmb0.pfb><c:/usr/texlive/2018/texmf-dist/fonts/type1/public/nanumtype1/nanummjmb1.pfb><c:/usr/texlive/2018/texmf-dist/fonts/type1/public/nanumtype1/nanummjmb2.pfb><c:/usr/texlive/2018/texmf-dist/fonts/type1/public/nanumtype1/nanummjmb2.pfb><c:/usr/texlive/2018/texmf-dist/fonts/type1/public/nanumtype1/nanummjmb3.pfb><c:/usr/texlive/2018/texmf-dist/fonts/type1/public/nanumtype1/nanummjmb3.pfb><c:/usr/texlive/2018/texmf-dist/fonts/type1/public/nanumtype1/nanummjmb4.pfb><c:/usr/texlive/2018/texmf-dist/fonts/type1/public/nanumtype1/nanummjmb4.pfb><c:/usr/texlive/2018/texmf-dist/fonts/type1/public/nanumtype1/nanummjmb5.pfb><c:/usr/texlive/2018/texmf-dist/fonts/type1/public/nanumtype1/nanummjmb5.pfb><c:/usr/texlive/2018/texmf-dist/fonts/type1/public/nanumtype1/nanummjmb6.pfb><c:/usr/texlive/2018/texmf-dist/fonts/type1/public/nanumtype1/nanummjmb7.pfb><c:/usr/texlive/2018/texmf-dist/fonts/type1/public/nanumtype1/nanummjmb7.pfb><c:/usr/texlive/2018/texmf-dist/fonts/type1/public/nanumtype1/nanummjmb8.pfb><c:/usr/texlive/2018/texmf-dist/fonts/type1/public/nanumtype1/nanummjmb8.pfb><c:/usr/texlive/2018/texmf-dist/fonts/type1/public/nanumtype1/nanummjmb9.pfb><c:/usr/texlive/2018/texmf-dist/fonts/type1/public/nanumtype1/nanummjmb9.pfb><c:/usr/texlive/2018/texmf-dist/fonts/type1/public/nanumtype1/nanummjmba.pfb><c:/usr/texlive/2018/texmf-dist/fonts/type1/public/nanumtype1/nanummjmba.pfb><c:/usr/texlive/2018/texmf-dist/fonts/type1/public/nanumtype1/nanummjmbb.pfb><c:/usr/texlive/2018/texmf-dist/fonts/type1/public/nanumtype1/nanummjmbb.pfb><c:/usr/texlive/2018/texmf-dist/fonts/type1/public/nanumtype1/nanummjmbc.pfb><c:/usr/texlive/2018/texmf-dist/fonts/type1/public/nanumtype1/nanummjmbc.pfb><c:/usr/texlive/2018/texmf-dist/fonts/type1/public/nanumtype1/nanummjmbd.pfb><c:/usr/texlive/2018/texmf-dist/fonts/type1/public/nanumtype1/nanummjmbd.pfb><c:/usr/texlive/2018/texmf-dist/fonts/type1/public/nanumtype1/nanummjmbe.pfb><c:/usr/texlive/2018/texmf-dist/fonts/type1/public/nanumtype1/nanummjmc0.pfb><c:/usr/texlive/2018/texmf-dist/fonts/type1/public/nanumtype1/nanummjmc1.pfb><c:/usr/texlive/2018/texmf-dist/fonts/type1/public/nanumtype1/nanummjmc1.pfb><c:/usr/texlive/2018/texmf-dist/fonts/type1/public/nanumtype1/nanummjmc2.pfb><c:/usr/texlive/2018/texmf-dist/fonts/type1/public/nanumtype1/nanummjmc2.pfb><c:/usr/texlive/2018/texmf-dist/fonts/type1/public/nanumtype1/nanummjmc4.pfb><c:/usr/texlive/2018/texmf-dist/fonts/type1/public/nanumtype1/nanummjmc5.pfb><c:/usr/texlive/2018/texmf-dist/fonts/type1/public/nanumtype1/nanummjmc5.pfb><c:/usr/texlive/2018/texmf-dist/fonts/type1/public/nanumtype1/nanummjmc6.pfb><c:/usr/texlive/2018/texmf-dist/fonts/type1/public/nanumtype1/nanummjmc6.pfb><c:/usr/texlive/2018/texmf-dist/fonts/type1/public/nanumtype1/nanummjmc7.pfb><c:/usr/texlive/2018/texmf-dist/fonts/type1/public/nanumtype1/nanummjmc7.pfb><c:/usr/texlive/2018/texmf-dist/fonts/type1/public/nanumtype1/nanummjmc8.pfb><c:/usr/texlive/2018/texmf-dist/fonts/type1/public/nanumtype1/nanummjmc8.pfb><c:/usr/texlive/2018/texmf-dist/fonts/type1/public/nanumtype1/nanummjmc9.pfb><c:/usr/texlive/2018/texmf-dist/fonts/type1/public/nanumtype1/nanummjmc9.pfb><c:/usr/texlive/2018/texmf-dist/fonts/type1/public/nanumtype1/nanummjmca.pfb><c:/usr/texlive/2018/texmf-dist/fonts/type1/public/nanumtype1/nanummjmca.pfb><c:/usr/texlive/2018/texmf-dist/fonts/type1/public/nanumtype1/nanummjmcc.pfb><c:/usr/texlive/2018/texmf-dist/fonts/type1/public/nanumtype1/nanummjmcc.pfb><c:/usr/texlive/2018/texmf-dist/fonts/type1/public/nanumtype1/nanummjmcd.pfb><c:/usr/texlive/2018/texmf-dist/fonts/type1/public/nanumtype1/nanummjmce.pfb><c:/usr/texlive/2018/texmf-dist/fonts/type1/public/nanumtype1/nanummjmd0.pfb><c:/usr/texlive/2018/texmf-dist/fonts/type1/public/nanumtype1/nanummjmd0.pfb><c:/usr/texlive/2018/texmf-dist/fonts/type1/public/nanumtype1/nanummjmd1.pfb><c:/usr/texlive/2018/texmf-dist/fonts/type1/public/nanumtype1/nanummjmd1.pfb><c:/usr/texlive/2018/texmf-dist/fonts/type1/public/nanumtype1/nanummjmd2.pfb><c:/usr/texlive/2018/texmf-dist/fonts/type1/public/nanumtype1/nanummjmd3.pfb><c:/usr/texlive/2018/texmf-dist/fonts/type1/public/nanumtype1/nanummjmd4.pfb><c:/usr/texlive/2018/texmf-dist/fonts/type1/public/nanumtype1/nanummjmd5.pfb><c:/usr/texlive/2018/texmf-dist/fonts/type1/public/nanumtype1/nanummjmd5.pfb><c:/usr/texlive/2018/texmf-dist/fonts/type1/public/nanumtype1/nanummjmd6.pfb><c:/usr/texlive/2018/texmf-dist/fonts/type1/public/nanumtype1/nanummjmd6.pfb><c:/usr/texlive/2018/texmf-dist/fonts/type1/public/nanumtype1/nanummjmd7.pfb><c:/usr/texlive/2018/texmf-dist/fonts/type1/public/nanumtype1/nanummjmd7.pfb>
Output written on c:/Users/kjh10/Desktop/Note/수치해석withJulia/NumAnalwithJulia.pdf (9 pages, 4203210 bytes).
PDF statistics:
 493 PDF objects out of 1000 (max. 8388607)
 364 compressed objects within 4 object streams
 0 named destinations out of 1000 (max. 500000)
 1 words of extra memory for PDF output out of 10000 (max. 10000000)

